<?xml version="1.0" encoding="UTF-8"?>
<!-- Generated by org.testng.reporters.JUnitXMLReporter -->
<testsuite ignored="2" hostname="9a5b7116d740519" failures="0" tests="1" name="Default test" time="2.636" errors="0" timestamp="2023-09-24T15:55:10 IST">
  <testcase classname="restassuredproject.ReqRes_Post_Tests" name="TC03_negative_nopassword_test" time="2.582"/>
  <testcase classname="restassuredproject.ReqRes_Post_Tests" name="TC02_negative_invalidemail_test" time="0.0">
    <ignored/>
  </testcase> <!-- TC02_negative_invalidemail_test -->
  <testcase classname="restassuredproject.ReqRes_Post_Tests" name="TC01_positive_test" time="0.0">
    <ignored/>
  </testcase> <!-- TC01_positive_test -->
</testsuite> <!-- Default test -->
