<?xml version="1.0" encoding="UTF-8"?>
<testng-results ignored="0" total="1" passed="1" failed="0" skipped="0">
  <reporter-output>
  </reporter-output>
  <suite started-at="2023-08-31T22:17:07 IST" name="RestAssured TestSuite" finished-at="2023-08-31T22:17:09 IST" duration-ms="2693">
    <groups>
    </groups>
    <test started-at="2023-08-31T22:17:07 IST" name="Post Request Test" finished-at="2023-08-31T22:17:09 IST" duration-ms="2693">
      <class name="restassuredproject.ReqResTests">
        <test-method signature="post_test()[pri:0, instance:restassuredproject.ReqResTests@50b5ac82]" started-at="2023-08-31T22:17:07 IST" name="post_test" finished-at="2023-08-31T22:17:09 IST" duration-ms="2651" status="PASS">
          <reporter-output>
          </reporter-output>
        </test-method> <!-- post_test -->
      </class> <!-- restassuredproject.ReqResTests -->
    </test> <!-- Post Request Test -->
  </suite> <!-- RestAssured TestSuite -->
</testng-results>
