<?xml version="1.0" encoding="UTF-8"?>
<testng-results ignored="0" total="3" passed="3" failed="0" skipped="0">
  <reporter-output>
  </reporter-output>
  <suite started-at="2023-09-24T15:59:38 IST" name="RestAssured TestSuite" finished-at="2023-09-24T15:59:42 IST" duration-ms="3634">
    <groups>
    </groups>
    <test started-at="2023-09-24T15:59:38 IST" name="Post Request Test" finished-at="2023-09-24T15:59:42 IST" duration-ms="3634">
      <class name="restassuredproject.ReqRes_Post_Tests">
        <test-method signature="TC01_positive_test()[pri:0, instance:restassuredproject.ReqRes_Post_Tests@6cd28fa7]" started-at="2023-09-24T15:59:38 IST" name="TC01_positive_test" finished-at="2023-09-24T15:59:41 IST" duration-ms="2737" status="PASS">
          <reporter-output>
          </reporter-output>
        </test-method> <!-- TC01_positive_test -->
        <test-method signature="TC02_negative_invalidemail_test()[pri:0, instance:restassuredproject.ReqRes_Post_Tests@6cd28fa7]" started-at="2023-09-24T15:59:41 IST" name="TC02_negative_invalidemail_test" finished-at="2023-09-24T15:59:41 IST" duration-ms="415" status="PASS">
          <reporter-output>
          </reporter-output>
        </test-method> <!-- TC02_negative_invalidemail_test -->
        <test-method signature="TC03_negative_nopassword_test()[pri:0, instance:restassuredproject.ReqRes_Post_Tests@6cd28fa7]" started-at="2023-09-24T15:59:41 IST" name="TC03_negative_nopassword_test" finished-at="2023-09-24T15:59:42 IST" duration-ms="418" status="PASS">
          <reporter-output>
          </reporter-output>
        </test-method> <!-- TC03_negative_nopassword_test -->
      </class> <!-- restassuredproject.ReqRes_Post_Tests -->
    </test> <!-- Post Request Test -->
  </suite> <!-- RestAssured TestSuite -->
</testng-results>
